{"D:\\PROJECT\\live-coding\\code\\magicMatrix.js": {"path":"D:\\PROJECT\\live-coding\\code\\magicMatrix.js","statementMap":{"0":{"start":{"line":7,"column":20},"end":{"line":40,"column":1}},"1":{"start":{"line":8,"column":12},"end":{"line":8,"column":14}},"2":{"start":{"line":9,"column":13},"end":{"line":9,"column":15}},"3":{"start":{"line":10,"column":1},"end":{"line":20,"column":2}},"4":{"start":{"line":10,"column":14},"end":{"line":10,"column":15}},"5":{"start":{"line":11,"column":2},"end":{"line":19,"column":3}},"6":{"start":{"line":11,"column":15},"end":{"line":11,"column":16}},"7":{"start":{"line":12,"column":3},"end":{"line":18,"column":4}},"8":{"start":{"line":13,"column":4},"end":{"line":13,"column":25}},"9":{"start":{"line":14,"column":4},"end":{"line":14,"column":26}},"10":{"start":{"line":16,"column":4},"end":{"line":16,"column":34}},"11":{"start":{"line":17,"column":4},"end":{"line":17,"column":36}},"12":{"start":{"line":22,"column":14},"end":{"line":22,"column":19}},"13":{"start":{"line":23,"column":1},"end":{"line":29,"column":2}},"14":{"start":{"line":23,"column":18},"end":{"line":23,"column":19}},"15":{"start":{"line":24,"column":2},"end":{"line":28,"column":3}},"16":{"start":{"line":25,"column":3},"end":{"line":25,"column":17}},"17":{"start":{"line":27,"column":3},"end":{"line":27,"column":18}},"18":{"start":{"line":31,"column":1},"end":{"line":37,"column":2}},"19":{"start":{"line":31,"column":18},"end":{"line":31,"column":19}},"20":{"start":{"line":32,"column":2},"end":{"line":36,"column":3}},"21":{"start":{"line":33,"column":3},"end":{"line":33,"column":17}},"22":{"start":{"line":35,"column":3},"end":{"line":35,"column":18}},"23":{"start":{"line":39,"column":1},"end":{"line":39,"column":15}},"24":{"start":{"line":43,"column":0},"end":{"line":43,"column":29}}},"fnMap":{"0":{"name":"(anonymous_0)","decl":{"start":{"line":7,"column":20},"end":{"line":7,"column":21}},"loc":{"start":{"line":7,"column":29},"end":{"line":40,"column":1}},"line":7}},"branchMap":{"0":{"loc":{"start":{"line":12,"column":3},"end":{"line":18,"column":4}},"type":"if","locations":[{"start":{"line":12,"column":3},"end":{"line":18,"column":4}},{"start":{"line":12,"column":3},"end":{"line":18,"column":4}}],"line":12},"1":{"loc":{"start":{"line":12,"column":7},"end":{"line":12,"column":52}},"type":"binary-expr","locations":[{"start":{"line":12,"column":7},"end":{"line":12,"column":27}},{"start":{"line":12,"column":31},"end":{"line":12,"column":52}}],"line":12},"2":{"loc":{"start":{"line":24,"column":2},"end":{"line":28,"column":3}},"type":"if","locations":[{"start":{"line":24,"column":2},"end":{"line":28,"column":3}},{"start":{"line":24,"column":2},"end":{"line":28,"column":3}}],"line":24},"3":{"loc":{"start":{"line":32,"column":2},"end":{"line":36,"column":3}},"type":"if","locations":[{"start":{"line":32,"column":2},"end":{"line":36,"column":3}},{"start":{"line":32,"column":2},"end":{"line":36,"column":3}}],"line":32}},"s":{"0":1,"1":2,"2":2,"3":2,"4":2,"5":6,"6":6,"7":18,"8":6,"9":6,"10":12,"11":12,"12":2,"13":2,"14":2,"15":4,"16":2,"17":2,"18":2,"19":2,"20":4,"21":3,"22":1,"23":2,"24":1},"f":{"0":2},"b":{"0":[6,12],"1":[18,6],"2":[2,2],"3":[3,1]},"_coverageSchema":"1a1c01bbd47fc00a2c39e90264f33305004495a9","hash":"3cfecbe650e19357db5bf6a94c86dc3a9ceba4f9"}
}
